-----------------------------------------------------------------------------

Input image     : Gold_ADU.fits[1:120,1:120] 
Init. par. file : Gold.config 
Restart file    : galfit.14 
Output image    : imgblock.fits 

 devauc    : (   70.15,    62.03)   18.58     35.80   [4.00]   0.90   -41.82
             (    0.00,     0.00)    0.01      0.28   [0.00]   0.00     1.11
 sky       : [ 60.50,  60.50]    -3.82  1.34e-01  -4.65e-01
                                  3.44  5.79e-02  6.93e-02
 Chi^2 = 35.13126,  ndof = 1425
 Chi^2/nu = 0.025 

-----------------------------------------------------------------------------
-----------------------------------------------------------------------------

Input image     : Gold_ADU.fits[1:120,1:120] 
Init. par. file : Gold.config 
Restart file    : galfit.15 
Output image    : imgblock.fits 

 devauc    : (   70.15,    62.03)   18.58     35.80   [4.00]   0.90   -41.82
             (    0.00,     0.00)    0.01      0.28   [0.00]   0.00     1.11
 sky       : [ 60.50,  60.50]    -3.82  1.34e-01  -4.65e-01
                                  3.44  5.79e-02  6.93e-02
 Chi^2 = 35.13126,  ndof = 1425
 Chi^2/nu = 0.025 

-----------------------------------------------------------------------------
-----------------------------------------------------------------------------

Input image     : Gold_ADU.fits[1:120,1:120] 
Init. par. file : Gold.config 
Restart file    : galfit.16 
Output image    : imgblock.fits 

 devauc    : (   70.15,    62.03)   18.58     35.80   [4.00]   0.90   -41.82
             (    0.00,     0.00)    0.01      0.28   [0.00]   0.00     1.11
 sky       : [ 60.50,  60.50]    -3.82  1.34e-01  -4.65e-01
                                  3.44  5.79e-02  6.93e-02
 Chi^2 = 35.13126,  ndof = 1425
 Chi^2/nu = 0.025 

-----------------------------------------------------------------------------
